<?xml version="1.0" encoding="UTF-8"?>
<!-- Generated by org.testng.reporters.JUnitReportReporter -->
<testsuite hostname="DESKTOP-28161K9" failures="0" tests="1" name="inetBanking_Automation.TestCases.TC_LoginTest_001" time="19.088" errors="0" timestamp="2023-10-05T22:54:18 IST" skipped="0">
  <testcase classname="inetBanking_Automation.TestCases.TC_LoginTest_001" name="loginTest" time="19.088"/>
  <system-out/>
</testsuite> <!-- inetBanking_Automation.TestCases.TC_LoginTest_001 -->
