<?xml version="1.0" encoding="UTF-8"?>
<!-- Generated by org.testng.reporters.JUnitReportReporter -->
<testsuite hostname="DESKTOP-28161K9" failures="0" tests="5" name="com.test.testcases.PriorityCheck" time="0.058" errors="0" timestamp="2023-10-30T23:05:21 IST" skipped="0">
  <testcase classname="com.test.testcases.PriorityCheck" name="cba" time="0.025"/>
  <system-out/>
  <testcase classname="com.test.testcases.PriorityCheck" name="dbc" time="0.009"/>
  <system-out/>
  <testcase classname="com.test.testcases.PriorityCheck" name="bac" time="0.007"/>
  <system-out/>
  <testcase classname="com.test.testcases.PriorityCheck" name="ccv" time="0.010"/>
  <system-out/>
  <testcase classname="com.test.testcases.PriorityCheck" name="abc" time="0.007"/>
  <system-out/>
</testsuite> <!-- com.test.testcases.PriorityCheck -->
