<?xml version="1.0" encoding="UTF-8"?>
<!-- Generated by org.testng.reporters.JUnitReportReporter -->
<testsuite hostname="DESKTOP-28161K9" failures="0" tests="2" name="com.test.testcases.TC_LoginTest_001" time="61.176" errors="0" timestamp="2023-10-08T22:38:31 IST" skipped="0">
  <testcase classname="com.test.testcases.TC_LoginTest_001" name="verifyHomeTitle" time="0.022"/>
  <system-out/>
  <testcase classname="com.test.testcases.TC_LoginTest_001" name="loginTest" time="61.154"/>
  <system-out/>
</testsuite> <!-- com.test.testcases.TC_LoginTest_001 -->
