<?xml version="1.0" encoding="UTF-8"?>
<!-- Generated by org.testng.reporters.JUnitReportReporter -->
<testsuite hostname="DESKTOP-28161K9" failures="0" tests="1" name="inetBanking_Automation.TestCases.TC_LoginTest_001" time="11.645" errors="0" timestamp="2023-10-01T22:19:03 IST" skipped="0">
  <testcase classname="inetBanking_Automation.TestCases.TC_LoginTest_001" name="loginTest" time="11.645"/>
  <system-out/>
</testsuite> <!-- inetBanking_Automation.TestCases.TC_LoginTest_001 -->
